<?xml version="1.0" encoding="UTF-8"?>
<!-- Generated by org.testng.reporters.JUnitXMLReporter -->
<testsuite hostname="Chocks" name="Test" tests="6" failures="0" timestamp="16 May 2020 11:16:42 GMT" time="7.682" errors="0">
  <testcase name="Dresstab" time="2.383" classname="Test.HomePageTest"/>
  <testcase name="SizeCheck" time="0.207" classname="Test.HomePageTest"/>
  <testcase name="TshCheck" time="2.481" classname="Test.HomePageTest"/>
  <testcase name="VerifyTab" time="0.132" classname="Test.HomePageTest"/>
  <testcase name="WomenTab" time="2.392" classname="Test.HomePageTest"/>
  <testcase name="verifyCount" time="0.07" classname="Test.HomePageTest"/>
</testsuite> <!-- Test -->
