<?xml version="1.0" encoding="UTF-8"?>
<testsuite name="TestSuite" time="7.665" tests="6" errors="0" skipped="0" failures="0">
  <properties>
[...]
</properties>
  <testcase name="Dresstab" classname="Test.HomePageTest" time="2.388"/>
  <testcase name="SizeCheck" classname="Test.HomePageTest" time="0.2"/>
  <testcase name="TshCheck" classname="Test.HomePageTest" time="2.482"/>
  <testcase name="VerifyTab" classname="Test.HomePageTest" time="0.133"/>
  <testcase name="WomenTab" classname="Test.HomePageTest" time="2.392"/>
  <testcase name="verifyCount" classname="Test.HomePageTest" time="0.07"/>
</testsuite>