<?xml version="1.0" encoding="UTF-8"?>
<testng-results skipped="0" failed="0" ignored="0" total="6" passed="6">
  <reporter-output>
  </reporter-output>
  <suite name="Default suite" duration-ms="10888" started-at="2020-05-16T11:10:54Z" finished-at="2020-05-16T11:11:05Z">
    <groups>
    </groups>
    <test name="Default test" duration-ms="10888" started-at="2020-05-16T11:10:54Z" finished-at="2020-05-16T11:11:05Z">
      <class name="Test.HomePageTest">
        <test-method status="PASS" signature="Dresstab()[pri:0, instance:Test.HomePageTest@740cae06]" name="Dresstab" duration-ms="5014" started-at="2020-05-16T11:10:54Z" finished-at="2020-05-16T11:10:59Z">
          <reporter-output>
          </reporter-output>
        </test-method> <!-- Dresstab -->
        <test-method status="PASS" signature="SizeCheck()[pri:0, instance:Test.HomePageTest@740cae06]" name="SizeCheck" duration-ms="173" started-at="2020-05-16T11:10:59Z" finished-at="2020-05-16T11:10:59Z">
          <reporter-output>
          </reporter-output>
        </test-method> <!-- SizeCheck -->
        <test-method status="PASS" signature="TshCheck()[pri:0, instance:Test.HomePageTest@740cae06]" name="TshCheck" duration-ms="2142" started-at="2020-05-16T11:10:59Z" finished-at="2020-05-16T11:11:01Z">
          <reporter-output>
          </reporter-output>
        </test-method> <!-- TshCheck -->
        <test-method status="PASS" signature="VerifyTab()[pri:0, instance:Test.HomePageTest@740cae06]" name="VerifyTab" duration-ms="96" started-at="2020-05-16T11:11:01Z" finished-at="2020-05-16T11:11:01Z">
          <reporter-output>
          </reporter-output>
        </test-method> <!-- VerifyTab -->
        <test-method status="PASS" signature="WomenTab()[pri:0, instance:Test.HomePageTest@740cae06]" name="WomenTab" duration-ms="3305" started-at="2020-05-16T11:11:01Z" finished-at="2020-05-16T11:11:05Z">
          <reporter-output>
          </reporter-output>
        </test-method> <!-- WomenTab -->
        <test-method status="PASS" signature="verifyCount()[pri:0, instance:Test.HomePageTest@740cae06]" name="verifyCount" duration-ms="103" started-at="2020-05-16T11:11:05Z" finished-at="2020-05-16T11:11:05Z">
          <reporter-output>
          </reporter-output>
        </test-method> <!-- verifyCount -->
      </class> <!-- Test.HomePageTest -->
    </test> <!-- Default test -->
  </suite> <!-- Default suite -->
</testng-results>
